<?xml version="1.0" encoding="UTF-8"?>
<!-- Generated by org.testng.reporters.JUnitReportReporter -->
<testsuite hostname="DESKTOP-J5LGRKF" failures="0" tests="1" name="com.cases.Login" time="15.837" errors="0" timestamp="2024-05-08T22:31:36 IST" skipped="0">
  <testcase classname="com.cases.Login" name="performLogin" time="15.837"/>
  <system-out/>
</testsuite> <!-- com.cases.Login -->
